2023-02-06 12:02:151 INFO  HomePage :79 - Click on LoginLink[[ChromeDriver: chrome on WINDOWS (0774c39293df82cfd5a74820773d6f04)] -> link text: Log in]
2023-02-06 12:02:270 INFO  LoginPage :42 - getting text from : [[ChromeDriver: chrome on WINDOWS (0774c39293df82cfd5a74820773d6f04)] -> xpath: //h1[contains(text(),'Welcome, Please Sign In!')]]
2023-02-06 15:02:444 INFO  HomePage :83 - Click on Register Link[[ChromeDriver: chrome on WINDOWS (a49aa5cfdbcef6e46d78dfe47e9c5f98)] -> xpath: //a[contains(text(),'Register')]]
2023-02-06 15:02:548 INFO  RegisterPage :57 - Register Text Verify[[ChromeDriver: chrome on WINDOWS (a49aa5cfdbcef6e46d78dfe47e9c5f98)] -> xpath: //div[@class='page-title']/h1]
2023-02-06 15:02:758 INFO  HomePage :83 - Click on Register Link[[ChromeDriver: chrome on WINDOWS (c48c406e6919d4eddb47e4c489dbcf57)] -> xpath: //a[contains(text(),'Register')]]
2023-02-06 15:02:917 INFO  RegisterPage :61 - Click on Female option[[ChromeDriver: chrome on WINDOWS (c48c406e6919d4eddb47e4c489dbcf57)] -> xpath: //div[@class='form-fields']/div/div/span[2]]
2023-02-06 15:02:457 INFO  HomePage :83 - Click on Register Link[[ChromeDriver: chrome on WINDOWS (2a7ec2fdfef53055a963da005a24b6b9)] -> xpath: //a[contains(text(),'Register')]]
2023-02-06 15:02:574 INFO  RegisterPage :61 - Click on Female option[[ChromeDriver: chrome on WINDOWS (2a7ec2fdfef53055a963da005a24b6b9)] -> xpath: //div[@class='form-fields']/div/div/span[2]]
2023-02-06 15:02:621 INFO  RegisterPage :90 - Click on Register Button[[ChromeDriver: chrome on WINDOWS (2a7ec2fdfef53055a963da005a24b6b9)] -> xpath: //button[@id='register-button']]
2023-02-06 15:02:392 INFO  RegisterPage :114 - Verify Registration Complete Text[[ChromeDriver: chrome on WINDOWS (2a7ec2fdfef53055a963da005a24b6b9)] -> xpath: //div[@class='result']]
2023-02-06 15:02:108 INFO  HomePage :83 - Click on Register Link[[ChromeDriver: chrome on WINDOWS (cd1a30da8d617eb4122914a686ea4ffc)] -> xpath: //a[contains(text(),'Register')]]
2023-02-06 15:02:208 INFO  RegisterPage :90 - Click on Register Button[[ChromeDriver: chrome on WINDOWS (cd1a30da8d617eb4122914a686ea4ffc)] -> xpath: //button[@id='register-button']]
2023-02-06 15:02:405 INFO  RegisterPage :94 - Verify First Name Required[[ChromeDriver: chrome on WINDOWS (cd1a30da8d617eb4122914a686ea4ffc)] -> id: FirstName-error]
2023-02-06 15:02:557 INFO  RegisterPage :98 - Verify Last Name Required[[ChromeDriver: chrome on WINDOWS (cd1a30da8d617eb4122914a686ea4ffc)] -> id: LastName-error]
2023-02-06 15:02:621 INFO  RegisterPage :102 - Verify email is Required[[ChromeDriver: chrome on WINDOWS (cd1a30da8d617eb4122914a686ea4ffc)] -> id: Email-error]
2023-02-06 15:02:679 INFO  RegisterPage :106 - Verify Password Required [[ChromeDriver: chrome on WINDOWS (cd1a30da8d617eb4122914a686ea4ffc)] -> id: Password-error]
2023-02-06 15:02:730 INFO  RegisterPage :110 - Verify Confirm Password[[ChromeDriver: chrome on WINDOWS (cd1a30da8d617eb4122914a686ea4ffc)] -> id: ConfirmPassword-error]
2023-02-06 16:02:615 INFO  HomePage :50 - Click on Computerstab[[ChromeDriver: chrome on WINDOWS (a8718c220977338fed466d134be795e3)] -> xpath: //ul[@class='top-menu notmobile']/li[1]]
2023-02-06 16:02:908 INFO  HomePage :50 - Click on Computerstab[[ChromeDriver: chrome on WINDOWS (35adc35940dbe82b70133d54be69ae20)] -> xpath: //ul[@class='top-menu notmobile']/li[1]]
2023-02-06 16:02:630 INFO  ComputerPage :31 - Click on DeskTops Link[[ChromeDriver: chrome on WINDOWS (35adc35940dbe82b70133d54be69ae20)] -> xpath: //div[@class='item-grid']/div[1]]
2023-02-06 16:02:155 INFO  HomePage :50 - Click on Computerstab[[ChromeDriver: chrome on WINDOWS (6e6c8993590b4a7fb9761167bdb85a3e)] -> xpath: //ul[@class='top-menu notmobile']/li[1]]
2023-02-06 16:02:942 INFO  ComputerPage :31 - Click on DeskTops Link[[ChromeDriver: chrome on WINDOWS (6e6c8993590b4a7fb9761167bdb85a3e)] -> xpath: //div[@class='item-grid']/div[1]]
2023-02-06 16:02:508 INFO  BuildYourOwnComputerPage :37 - Click on LinkProxy element for: DefaultElementLocator 'By.linkText: Build your own computer'
2023-02-06 16:02:553 INFO  BuildYourOwnComputerPage :43 - Select Option from Processor Drop Down[[ChromeDriver: chrome on WINDOWS (6e6c8993590b4a7fb9761167bdb85a3e)] -> xpath: //select[@id='product_attribute_1']]
2023-02-06 16:02:390 INFO  HomePage :50 - Click on Computerstab[[ChromeDriver: chrome on WINDOWS (3f3a4114933c60fb587a000f38fe4fd1)] -> xpath: //ul[@class='top-menu notmobile']/li[1]]
2023-02-06 16:02:146 INFO  ComputerPage :31 - Click on DeskTops Link[[ChromeDriver: chrome on WINDOWS (3f3a4114933c60fb587a000f38fe4fd1)] -> xpath: //div[@class='item-grid']/div[1]]
2023-02-06 16:02:590 INFO  BuildYourOwnComputerPage :37 - Click on LinkProxy element for: DefaultElementLocator 'By.linkText: Build your own computer'
2023-02-06 16:02:612 INFO  BuildYourOwnComputerPage :43 - Select Option from Processor Drop Down[[ChromeDriver: chrome on WINDOWS (3f3a4114933c60fb587a000f38fe4fd1)] -> xpath: //select[@id='product_attribute_1']]
2023-02-06 16:02:909 INFO  HomePage :50 - Click on Computerstab[[ChromeDriver: chrome on WINDOWS (5c00aad8887dafa7e747eac41532ebdc)] -> xpath: //ul[@class='top-menu notmobile']/li[1]]
2023-02-06 16:02:684 INFO  ComputerPage :31 - Click on DeskTops Link[[ChromeDriver: chrome on WINDOWS (5c00aad8887dafa7e747eac41532ebdc)] -> xpath: //div[@class='item-grid']/div[1]]
2023-02-06 16:02:161 INFO  BuildYourOwnComputerPage :37 - Click on LinkProxy element for: DefaultElementLocator 'By.linkText: Build your own computer'
2023-02-06 16:02:181 INFO  BuildYourOwnComputerPage :43 - Select Option from Processor Drop Down[[ChromeDriver: chrome on WINDOWS (5c00aad8887dafa7e747eac41532ebdc)] -> xpath: //select[@id='product_attribute_1']]
2023-02-06 17:02:282 INFO  HomePage :50 - Click on Computerstab[[ChromeDriver: chrome on WINDOWS (13a02d90396ae73655de0115ed53c9fb)] -> xpath: //ul[@class='top-menu notmobile']/li[1]]
2023-02-06 17:02:718 INFO  ComputerPage :31 - Click on DeskTops Link[[ChromeDriver: chrome on WINDOWS (13a02d90396ae73655de0115ed53c9fb)] -> xpath: //div[@class='item-grid']/div[1]]
2023-02-06 17:02:265 INFO  BuildYourOwnComputerPage :37 - Click on LinkProxy element for: DefaultElementLocator 'By.linkText: Build your own computer'
2023-02-06 17:02:316 INFO  BuildYourOwnComputerPage :43 - Select Option from Processor Drop Down[[ChromeDriver: chrome on WINDOWS (13a02d90396ae73655de0115ed53c9fb)] -> xpath: //select[@id='product_attribute_1']]
2023-02-06 17:02:875 INFO  HomePage :50 - Click on Computerstab[[ChromeDriver: chrome on WINDOWS (d4cfae3e0b01af1315a106f1e3eef99c)] -> xpath: //ul[@class='top-menu notmobile']/li[1]]
2023-02-06 17:02:100 INFO  ComputerPage :31 - Click on DeskTops Link[[ChromeDriver: chrome on WINDOWS (d4cfae3e0b01af1315a106f1e3eef99c)] -> xpath: //div[@class='item-grid']/div[1]]
2023-02-06 17:02:858 INFO  BuildYourOwnComputerPage :37 - Click on LinkProxy element for: DefaultElementLocator 'By.linkText: Build your own computer'
2023-02-06 17:02:929 INFO  BuildYourOwnComputerPage :43 - Select Option from Processor Drop Down[[ChromeDriver: chrome on WINDOWS (d4cfae3e0b01af1315a106f1e3eef99c)] -> xpath: //select[@id='product_attribute_1']]
2023-02-06 17:02:374 INFO  HomePage :50 - Click on Computerstab[[ChromeDriver: chrome on WINDOWS (a000f10e7768a749d1abdc5b0e59080f)] -> xpath: //ul[@class='top-menu notmobile']/li[1]]
2023-02-06 17:02:139 INFO  ComputerPage :31 - Click on DeskTops Link[[ChromeDriver: chrome on WINDOWS (a000f10e7768a749d1abdc5b0e59080f)] -> xpath: //div[@class='item-grid']/div[1]]
2023-02-06 17:02:706 INFO  BuildYourOwnComputerPage :37 - Click on LinkProxy element for: DefaultElementLocator 'By.linkText: Build your own computer'
2023-02-06 17:02:741 INFO  BuildYourOwnComputerPage :43 - Select Option from Processor Drop Down[[ChromeDriver: chrome on WINDOWS (a000f10e7768a749d1abdc5b0e59080f)] -> xpath: //select[@id='product_attribute_1']]
2023-02-06 17:02:697 INFO  HomePage :50 - Click on Computerstab[[ChromeDriver: chrome on WINDOWS (0cd1d10d958f2a635ea36302a881d2f5)] -> xpath: //ul[@class='top-menu notmobile']/li[1]]
2023-02-06 17:02:928 INFO  ComputerPage :31 - Click on DeskTops Link[[ChromeDriver: chrome on WINDOWS (0cd1d10d958f2a635ea36302a881d2f5)] -> xpath: //div[@class='item-grid']/div[1]]
2023-02-06 17:02:648 INFO  BuildYourOwnComputerPage :37 - Click on LinkProxy element for: DefaultElementLocator 'By.linkText: Build your own computer'
2023-02-06 17:02:700 INFO  BuildYourOwnComputerPage :43 - Select Option from Processor Drop Down[[ChromeDriver: chrome on WINDOWS (0cd1d10d958f2a635ea36302a881d2f5)] -> xpath: //select[@id='product_attribute_1']]
2023-02-06 17:02:691 INFO  HomePage :79 - Click on LoginLink[[ChromeDriver: chrome on WINDOWS (30a9e3c2db456747794486a2299ae595)] -> link text: Log in]
2023-02-06 17:02:292 INFO  HomePage :83 - Click on Register Link[[ChromeDriver: chrome on WINDOWS (652e726d96facf1ecf4793c7688a1466)] -> xpath: //a[contains(text(),'Register')]]
2023-02-06 17:02:695 INFO  RegisterPage :90 - Click on Register Button[[ChromeDriver: chrome on WINDOWS (652e726d96facf1ecf4793c7688a1466)] -> xpath: //button[@id='register-button']]
2023-02-06 17:02:886 INFO  HomePage :79 - Click on LoginLink[[ChromeDriver: chrome on WINDOWS (652e726d96facf1ecf4793c7688a1466)] -> link text: Log in]
2023-02-06 17:02:737 INFO  HomePage :50 - Click on Computerstab[[ChromeDriver: chrome on WINDOWS (1dd536d714f5263a2eb5f524b74b4952)] -> xpath: //ul[@class='top-menu notmobile']/li[1]]
2023-02-06 17:02:583 INFO  ComputerPage :31 - Click on DeskTops Link[[ChromeDriver: chrome on WINDOWS (1dd536d714f5263a2eb5f524b74b4952)] -> xpath: //div[@class='item-grid']/div[1]]
2023-02-06 17:02:276 INFO  BuildYourOwnComputerPage :37 - Click on LinkProxy element for: DefaultElementLocator 'By.linkText: Build your own computer'
2023-02-06 17:02:114 INFO  HomePage :50 - Click on Computerstab[[ChromeDriver: chrome on WINDOWS (dfbf9120ab14f4338baae4af306d02c3)] -> xpath: //ul[@class='top-menu notmobile']/li[1]]
2023-02-06 17:02:873 INFO  ComputerPage :31 - Click on DeskTops Link[[ChromeDriver: chrome on WINDOWS (dfbf9120ab14f4338baae4af306d02c3)] -> xpath: //div[@class='item-grid']/div[1]]
2023-02-06 17:02:286 INFO  BuildYourOwnComputerPage :37 - Click on LinkProxy element for: DefaultElementLocator 'By.linkText: Build your own computer'
2023-02-06 17:02:630 INFO  HomePage :50 - Click on Computerstab[[ChromeDriver: chrome on WINDOWS (ee845dc3430b202847d4b2c036bb026d)] -> xpath: //ul[@class='top-menu notmobile']/li[1]]
2023-02-06 17:02:430 INFO  ComputerPage :31 - Click on DeskTops Link[[ChromeDriver: chrome on WINDOWS (ee845dc3430b202847d4b2c036bb026d)] -> xpath: //div[@class='item-grid']/div[1]]
2023-02-06 17:02:16 INFO  BuildYourOwnComputerPage :37 - Click on LinkProxy element for: DefaultElementLocator 'By.linkText: Build your own computer'
2023-02-06 18:02:331 INFO  HomePage :50 - Click on Computerstab[[ChromeDriver: chrome on WINDOWS (093b9c7b1ce4a4e96bd420e7827277f2)] -> xpath: //ul[@class='top-menu notmobile']/li[1]]
2023-02-06 18:02:267 INFO  ComputerPage :31 - Click on DeskTops Link[[ChromeDriver: chrome on WINDOWS (093b9c7b1ce4a4e96bd420e7827277f2)] -> xpath: //div[@class='item-grid']/div[1]]
2023-02-06 18:02:85 INFO  BuildYourOwnComputerPage :37 - Click on LinkProxy element for: DefaultElementLocator 'By.linkText: Build your own computer'
2023-02-06 18:02:141 INFO  BuildYourOwnComputerPage :50 - Click on Radio Button HDD[[ChromeDriver: chrome on WINDOWS (093b9c7b1ce4a4e96bd420e7827277f2)] -> xpath: //input[@id='product_attribute_3_6']]
2023-02-06 18:02:509 INFO  BuildYourOwnComputerPage :54 - Click on Radio Button OS[[ChromeDriver: chrome on WINDOWS (093b9c7b1ce4a4e96bd420e7827277f2)] -> xpath: //input[@id='product_attribute_4_8']]
2023-02-06 18:02:906 INFO  BuildYourOwnComputerPage :58 - Click on Software Checkbox[[ChromeDriver: chrome on WINDOWS (093b9c7b1ce4a4e96bd420e7827277f2)] -> xpath: //input[@id='product_attribute_5_10']]
2023-02-06 18:02:248 INFO  BuildYourOwnComputerPage :62 - Click on Add to Cart Button [[ChromeDriver: chrome on WINDOWS (093b9c7b1ce4a4e96bd420e7827277f2)] -> xpath: //button[@id='add-to-cart-button-1']]
2023-02-06 18:02:518 INFO  HomePage :50 - Click on Computerstab[[ChromeDriver: chrome on WINDOWS (f0c8eef2893435244c56fed857269d2e)] -> xpath: //ul[@class='top-menu notmobile']/li[1]]
2023-02-06 18:02:457 INFO  ComputerPage :31 - Click on DeskTops Link[[ChromeDriver: chrome on WINDOWS (f0c8eef2893435244c56fed857269d2e)] -> xpath: //div[@class='item-grid']/div[1]]
2023-02-06 18:02:126 INFO  BuildYourOwnComputerPage :37 - Click on LinkProxy element for: DefaultElementLocator 'By.linkText: Build your own computer'
2023-02-06 18:02:813 INFO  BuildYourOwnComputerPage :50 - Click on Radio Button HDD[[ChromeDriver: chrome on WINDOWS (f0c8eef2893435244c56fed857269d2e)] -> xpath: //input[@id='product_attribute_3_6']]
2023-02-06 18:02:204 INFO  BuildYourOwnComputerPage :54 - Click on Radio Button OS[[ChromeDriver: chrome on WINDOWS (f0c8eef2893435244c56fed857269d2e)] -> xpath: //input[@id='product_attribute_4_8']]
2023-02-06 18:02:563 INFO  BuildYourOwnComputerPage :58 - Click on Software Checkbox[[ChromeDriver: chrome on WINDOWS (f0c8eef2893435244c56fed857269d2e)] -> xpath: //input[@id='product_attribute_5_10']]
2023-02-06 18:02:870 INFO  BuildYourOwnComputerPage :62 - Click on Add to Cart Button [[ChromeDriver: chrome on WINDOWS (f0c8eef2893435244c56fed857269d2e)] -> xpath: //button[@id='add-to-cart-button-1']]
2023-02-06 18:02:923 INFO  HomePage :50 - Click on Computerstab[[ChromeDriver: chrome on WINDOWS (0903f3e81f28bd075bd9920bb8c24323)] -> xpath: //ul[@class='top-menu notmobile']/li[1]]
2023-02-06 18:02:738 INFO  ComputerPage :31 - Click on DeskTops Link[[ChromeDriver: chrome on WINDOWS (0903f3e81f28bd075bd9920bb8c24323)] -> xpath: //div[@class='item-grid']/div[1]]
2023-02-06 18:02:326 INFO  BuildYourOwnComputerPage :37 - Click on LinkProxy element for: DefaultElementLocator 'By.linkText: Build your own computer'
2023-02-06 18:02:82 INFO  BuildYourOwnComputerPage :50 - Click on Radio Button HDD[[ChromeDriver: chrome on WINDOWS (0903f3e81f28bd075bd9920bb8c24323)] -> xpath: //input[@id='product_attribute_3_6']]
2023-02-06 18:02:348 INFO  BuildYourOwnComputerPage :54 - Click on Radio Button OS[[ChromeDriver: chrome on WINDOWS (0903f3e81f28bd075bd9920bb8c24323)] -> xpath: //input[@id='product_attribute_4_8']]
2023-02-06 18:02:779 INFO  BuildYourOwnComputerPage :58 - Click on Software Checkbox[[ChromeDriver: chrome on WINDOWS (0903f3e81f28bd075bd9920bb8c24323)] -> xpath: //input[@id='product_attribute_5_10']]
2023-02-06 18:02:994 INFO  BuildYourOwnComputerPage :62 - Click on Add to Cart Button [[ChromeDriver: chrome on WINDOWS (0903f3e81f28bd075bd9920bb8c24323)] -> xpath: //button[@id='add-to-cart-button-1']]
2023-02-06 18:02:867 INFO  HomePage :50 - Click on Computerstab[[ChromeDriver: chrome on WINDOWS (efae3f829b5732d116492ada1a31dc1f)] -> xpath: //ul[@class='top-menu notmobile']/li[1]]
2023-02-06 18:02:589 INFO  ComputerPage :31 - Click on DeskTops Link[[ChromeDriver: chrome on WINDOWS (efae3f829b5732d116492ada1a31dc1f)] -> xpath: //div[@class='item-grid']/div[1]]
2023-02-06 18:02:22 INFO  BuildYourOwnComputerPage :37 - Click on LinkProxy element for: DefaultElementLocator 'By.linkText: Build your own computer'
2023-02-06 18:02:768 INFO  BuildYourOwnComputerPage :50 - Click on Radio Button HDD[[ChromeDriver: chrome on WINDOWS (efae3f829b5732d116492ada1a31dc1f)] -> xpath: //input[@id='product_attribute_3_6']]
2023-02-06 18:02:07 INFO  BuildYourOwnComputerPage :54 - Click on Radio Button OS[[ChromeDriver: chrome on WINDOWS (efae3f829b5732d116492ada1a31dc1f)] -> xpath: //input[@id='product_attribute_4_8']]
2023-02-06 18:02:153 INFO  BuildYourOwnComputerPage :58 - Click on Software Checkbox[[ChromeDriver: chrome on WINDOWS (efae3f829b5732d116492ada1a31dc1f)] -> xpath: //input[@id='product_attribute_5_10']]
2023-02-06 18:02:387 INFO  BuildYourOwnComputerPage :62 - Click on Add to Cart Button [[ChromeDriver: chrome on WINDOWS (efae3f829b5732d116492ada1a31dc1f)] -> xpath: //button[@id='add-to-cart-button-1']]
2023-02-06 18:02:878 INFO  HomePage :50 - Click on Computerstab[[ChromeDriver: chrome on WINDOWS (77d4faab987202feaa069588c2046864)] -> xpath: //ul[@class='top-menu notmobile']/li[1]]
2023-02-06 18:02:34 INFO  ComputerPage :31 - Click on DeskTops Link[[ChromeDriver: chrome on WINDOWS (77d4faab987202feaa069588c2046864)] -> xpath: //div[@class='item-grid']/div[1]]
2023-02-06 18:02:717 INFO  BuildYourOwnComputerPage :37 - Click on LinkProxy element for: DefaultElementLocator 'By.linkText: Build your own computer'
2023-02-06 18:02:241 INFO  BuildYourOwnComputerPage :50 - Click on Radio Button HDD[[ChromeDriver: chrome on WINDOWS (77d4faab987202feaa069588c2046864)] -> xpath: //input[@id='product_attribute_3_6']]
2023-02-06 18:02:500 INFO  BuildYourOwnComputerPage :54 - Click on Radio Button OS[[ChromeDriver: chrome on WINDOWS (77d4faab987202feaa069588c2046864)] -> xpath: //input[@id='product_attribute_4_8']]
2023-02-06 18:02:803 INFO  BuildYourOwnComputerPage :58 - Click on Software Checkbox[[ChromeDriver: chrome on WINDOWS (77d4faab987202feaa069588c2046864)] -> xpath: //input[@id='product_attribute_5_10']]
2023-02-06 18:02:931 INFO  BuildYourOwnComputerPage :62 - Click on Add to Cart Button [[ChromeDriver: chrome on WINDOWS (77d4faab987202feaa069588c2046864)] -> xpath: //button[@id='add-to-cart-button-1']]
2023-02-06 18:02:06 INFO  HomePage :50 - Click on Computerstab[[ChromeDriver: chrome on WINDOWS (2f50934158ecc1c8174309a0c3dda556)] -> xpath: //ul[@class='top-menu notmobile']/li[1]]
2023-02-06 18:02:739 INFO  ComputerPage :31 - Click on DeskTops Link[[ChromeDriver: chrome on WINDOWS (2f50934158ecc1c8174309a0c3dda556)] -> xpath: //div[@class='item-grid']/div[1]]
2023-02-06 18:02:345 INFO  BuildYourOwnComputerPage :37 - Click on LinkProxy element for: DefaultElementLocator 'By.linkText: Build your own computer'
2023-02-06 18:02:951 INFO  BuildYourOwnComputerPage :50 - Click on Radio Button HDD[[ChromeDriver: chrome on WINDOWS (2f50934158ecc1c8174309a0c3dda556)] -> xpath: //input[@id='product_attribute_3_6']]
2023-02-06 18:02:158 INFO  BuildYourOwnComputerPage :54 - Click on Radio Button OS[[ChromeDriver: chrome on WINDOWS (2f50934158ecc1c8174309a0c3dda556)] -> xpath: //input[@id='product_attribute_4_8']]
2023-02-06 18:02:327 INFO  BuildYourOwnComputerPage :58 - Click on Software Checkbox[[ChromeDriver: chrome on WINDOWS (2f50934158ecc1c8174309a0c3dda556)] -> xpath: //input[@id='product_attribute_5_10']]
2023-02-06 18:02:537 INFO  BuildYourOwnComputerPage :62 - Click on Add to Cart Button [[ChromeDriver: chrome on WINDOWS (2f50934158ecc1c8174309a0c3dda556)] -> xpath: //button[@id='add-to-cart-button-1']]
2023-02-06 18:02:833 INFO  HomePage :50 - Click on Computerstab[[ChromeDriver: chrome on WINDOWS (b6ab059026ed546a6e67faecf4a1bd3b)] -> xpath: //ul[@class='top-menu notmobile']/li[1]]
2023-02-06 18:02:648 INFO  ComputerPage :31 - Click on DeskTops Link[[ChromeDriver: chrome on WINDOWS (b6ab059026ed546a6e67faecf4a1bd3b)] -> xpath: //div[@class='item-grid']/div[1]]
2023-02-06 18:02:901 INFO  BuildYourOwnComputerPage :37 - Click on LinkProxy element for: DefaultElementLocator 'By.xpath: //div[@class='item-grid']/div[1]/div/div[2]/h2/a'
2023-02-06 18:02:607 INFO  BuildYourOwnComputerPage :50 - Click on Radio Button HDD[[ChromeDriver: chrome on WINDOWS (b6ab059026ed546a6e67faecf4a1bd3b)] -> xpath: //input[@id='product_attribute_3_6']]
2023-02-06 18:02:850 INFO  BuildYourOwnComputerPage :54 - Click on Radio Button OS[[ChromeDriver: chrome on WINDOWS (b6ab059026ed546a6e67faecf4a1bd3b)] -> xpath: //input[@id='product_attribute_4_8']]
2023-02-06 18:02:10 INFO  BuildYourOwnComputerPage :58 - Click on Software Checkbox[[ChromeDriver: chrome on WINDOWS (b6ab059026ed546a6e67faecf4a1bd3b)] -> xpath: //input[@id='product_attribute_5_10']]
2023-02-06 18:02:216 INFO  BuildYourOwnComputerPage :62 - Click on Add to Cart Button [[ChromeDriver: chrome on WINDOWS (b6ab059026ed546a6e67faecf4a1bd3b)] -> xpath: //button[@id='add-to-cart-button-1']]
2023-02-06 18:02:732 INFO  HomePage :50 - Click on Computerstab[[ChromeDriver: chrome on WINDOWS (ad3fd94ff153feca53cd1ec3cbce0ea2)] -> xpath: //ul[@class='top-menu notmobile']/li[1]]
2023-02-06 18:02:481 INFO  ComputerPage :31 - Click on DeskTops Link[[ChromeDriver: chrome on WINDOWS (ad3fd94ff153feca53cd1ec3cbce0ea2)] -> xpath: //div[@class='item-grid']/div[1]]
2023-02-06 18:02:499 INFO  HomePage :50 - Click on Computerstab[[ChromeDriver: chrome on WINDOWS (60df580d0068b5eada848423e833c315)] -> xpath: //ul[@class='top-menu notmobile']/li[1]]
2023-02-06 18:02:255 INFO  ComputerPage :31 - Click on DeskTops Link[[ChromeDriver: chrome on WINDOWS (60df580d0068b5eada848423e833c315)] -> xpath: //div[@class='item-grid']/div[1]]
2023-02-06 18:02:59 INFO  HomePage :50 - Click on Computerstab[[ChromeDriver: chrome on WINDOWS (b6f88c319ca5cf1471fe39f96c8f6ed8)] -> xpath: //ul[@class='top-menu notmobile']/li[1]]
2023-02-06 18:02:859 INFO  ComputerPage :31 - Click on DeskTops Link[[ChromeDriver: chrome on WINDOWS (b6f88c319ca5cf1471fe39f96c8f6ed8)] -> xpath: //div[@class='item-grid']/div[1]]
2023-02-06 18:02:190 INFO  BuildYourOwnComputerPage :37 - Click on LinkProxy element for: DefaultElementLocator 'By.xpath: //div[@class='item-grid']/div[1]/div/div[2]/h2/a'
2023-02-06 18:02:864 INFO  BuildYourOwnComputerPage :50 - Click on Radio Button HDD[[ChromeDriver: chrome on WINDOWS (b6f88c319ca5cf1471fe39f96c8f6ed8)] -> xpath: //input[@id='product_attribute_3_6']]
2023-02-06 18:02:63 INFO  BuildYourOwnComputerPage :54 - Click on Radio Button OS[[ChromeDriver: chrome on WINDOWS (b6f88c319ca5cf1471fe39f96c8f6ed8)] -> xpath: //input[@id='product_attribute_4_8']]
2023-02-06 18:02:205 INFO  BuildYourOwnComputerPage :58 - Click on Software Checkbox[[ChromeDriver: chrome on WINDOWS (b6f88c319ca5cf1471fe39f96c8f6ed8)] -> xpath: //input[@id='product_attribute_5_10']]
2023-02-06 18:02:437 INFO  BuildYourOwnComputerPage :62 - Click on Add to Cart Button [[ChromeDriver: chrome on WINDOWS (b6f88c319ca5cf1471fe39f96c8f6ed8)] -> xpath: //button[@id='add-to-cart-button-1']]
2023-02-06 18:02:873 INFO  BuildYourOwnComputerPage :65 - Product Added Text[[ChromeDriver: chrome on WINDOWS (b6f88c319ca5cf1471fe39f96c8f6ed8)] -> xpath: //div[@class='bar-notification success']/p]
2023-02-06 18:02:425 INFO  HomePage :50 - Click on Computerstab[[ChromeDriver: chrome on WINDOWS (b2ae9d6a78224f8e4c7e08ccc4afac8f)] -> xpath: //ul[@class='top-menu notmobile']/li[1]]
2023-02-06 18:02:260 INFO  ComputerPage :31 - Click on DeskTops Link[[ChromeDriver: chrome on WINDOWS (b2ae9d6a78224f8e4c7e08ccc4afac8f)] -> xpath: //div[@class='item-grid']/div[1]]
2023-02-06 18:02:09 INFO  BuildYourOwnComputerPage :37 - Click on LinkProxy element for: DefaultElementLocator 'By.xpath: //div[@class='item-grid']/div[1]/div/div[2]/h2/a'
2023-02-06 18:02:503 INFO  BuildYourOwnComputerPage :50 - Click on Radio Button HDD[[ChromeDriver: chrome on WINDOWS (b2ae9d6a78224f8e4c7e08ccc4afac8f)] -> xpath: //input[@id='product_attribute_3_6']]
2023-02-06 18:02:706 INFO  BuildYourOwnComputerPage :54 - Click on Radio Button OS[[ChromeDriver: chrome on WINDOWS (b2ae9d6a78224f8e4c7e08ccc4afac8f)] -> xpath: //input[@id='product_attribute_4_8']]
2023-02-06 18:02:935 INFO  BuildYourOwnComputerPage :58 - Click on Software Checkbox[[ChromeDriver: chrome on WINDOWS (b2ae9d6a78224f8e4c7e08ccc4afac8f)] -> xpath: //input[@id='product_attribute_5_10']]
2023-02-06 18:02:80 INFO  BuildYourOwnComputerPage :62 - Click on Add to Cart Button [[ChromeDriver: chrome on WINDOWS (b2ae9d6a78224f8e4c7e08ccc4afac8f)] -> xpath: //button[@id='add-to-cart-button-1']]
2023-02-06 18:02:306 INFO  BuildYourOwnComputerPage :65 - Product Added Text[[ChromeDriver: chrome on WINDOWS (b2ae9d6a78224f8e4c7e08ccc4afac8f)] -> xpath: //div[@class='bar-notification success']/p]
2023-02-06 18:02:676 INFO  HomePage :50 - Click on Computerstab[[ChromeDriver: chrome on WINDOWS (54cf1595f11d0c0b1516628472ce8b59)] -> xpath: //ul[@class='top-menu notmobile']/li[1]]
2023-02-06 18:02:301 INFO  ComputerPage :31 - Click on DeskTops Link[[ChromeDriver: chrome on WINDOWS (54cf1595f11d0c0b1516628472ce8b59)] -> xpath: //div[@class='item-grid']/div[1]]
2023-02-06 18:02:590 INFO  BuildYourOwnComputerPage :37 - Click on LinkProxy element for: DefaultElementLocator 'By.xpath: //div[@class='item-grid']/div[1]/div/div[2]/h2/a'
2023-02-06 18:02:174 INFO  BuildYourOwnComputerPage :50 - Click on Radio Button HDD[[ChromeDriver: chrome on WINDOWS (54cf1595f11d0c0b1516628472ce8b59)] -> xpath: //input[@id='product_attribute_3_6']]
2023-02-06 18:02:413 INFO  BuildYourOwnComputerPage :54 - Click on Radio Button OS[[ChromeDriver: chrome on WINDOWS (54cf1595f11d0c0b1516628472ce8b59)] -> xpath: //input[@id='product_attribute_4_8']]
2023-02-06 18:02:632 INFO  BuildYourOwnComputerPage :58 - Click on Software Checkbox[[ChromeDriver: chrome on WINDOWS (54cf1595f11d0c0b1516628472ce8b59)] -> xpath: //input[@id='product_attribute_5_10']]
2023-02-06 18:02:797 INFO  BuildYourOwnComputerPage :62 - Click on Add to Cart Button [[ChromeDriver: chrome on WINDOWS (54cf1595f11d0c0b1516628472ce8b59)] -> xpath: //button[@id='add-to-cart-button-1']]
2023-02-06 18:02:992 INFO  BuildYourOwnComputerPage :65 - Product Added Text[[ChromeDriver: chrome on WINDOWS (54cf1595f11d0c0b1516628472ce8b59)] -> xpath: //div[@class='bar-notification success']/p]
2023-02-06 18:02:250 INFO  HomePage :83 - Click on Register Link[[ChromeDriver: chrome on WINDOWS (75b6a55dfa4818a8abf5223046b78ac0)] -> xpath: //a[contains(text(),'Register')]]
2023-02-06 18:02:828 INFO  RegisterPage :90 - Click on Register Button[[ChromeDriver: chrome on WINDOWS (75b6a55dfa4818a8abf5223046b78ac0)] -> xpath: //button[@id='register-button']]
2023-02-06 18:02:980 INFO  HomePage :79 - Click on LoginLink[[ChromeDriver: chrome on WINDOWS (75b6a55dfa4818a8abf5223046b78ac0)] -> link text: Log in]
2023-02-06 18:02:544 INFO  HomePage :94 - Click on Logout LinkProxy element for: DefaultElementLocator 'By.xpath: //a[contains(text(),'Log out')]'
2023-02-06 18:02:563 INFO  HomePage :97 - Verify LogIn Link[[ChromeDriver: chrome on WINDOWS (75b6a55dfa4818a8abf5223046b78ac0)] -> link text: Log in]
2023-02-06 18:02:22 INFO  HomePage :79 - Click on LoginLink[[ChromeDriver: chrome on WINDOWS (ee8c17e850df67f3f11c1c52b916f8ee)] -> link text: Log in]
2023-02-06 18:02:51 INFO  LoginPage :42 - getting text from : [[ChromeDriver: chrome on WINDOWS (ee8c17e850df67f3f11c1c52b916f8ee)] -> xpath: //h1[contains(text(),'Welcome, Please Sign In!')]]
2023-02-06 18:02:529 INFO  HomePage :79 - Click on LoginLink[[ChromeDriver: chrome on WINDOWS (998d98e9e422ee7def37a3d983be5c18)] -> link text: Log in]
2023-02-06 18:02:886 INFO  HomePage :83 - Click on Register Link[[ChromeDriver: chrome on WINDOWS (2e92fe20aca04a16709181c93b6e2b7e)] -> xpath: //a[contains(text(),'Register')]]
2023-02-06 18:02:859 INFO  RegisterPage :90 - Click on Register Button[[ChromeDriver: chrome on WINDOWS (2e92fe20aca04a16709181c93b6e2b7e)] -> xpath: //button[@id='register-button']]
2023-02-06 18:02:346 INFO  HomePage :79 - Click on LoginLink[[ChromeDriver: chrome on WINDOWS (2e92fe20aca04a16709181c93b6e2b7e)] -> link text: Log in]
2023-02-06 18:02:576 INFO  HomePage :101 - Verify LogOut Link[[ChromeDriver: chrome on WINDOWS (2e92fe20aca04a16709181c93b6e2b7e)] -> xpath: //a[contains(text(),'Log out')]]
2023-02-06 18:02:992 INFO  HomePage :83 - Click on Register Link[[ChromeDriver: chrome on WINDOWS (c5ecb1379cddc789e57a4e03b9ba037e)] -> xpath: //a[contains(text(),'Register')]]
2023-02-06 18:02:133 INFO  RegisterPage :90 - Click on Register Button[[ChromeDriver: chrome on WINDOWS (c5ecb1379cddc789e57a4e03b9ba037e)] -> xpath: //button[@id='register-button']]
2023-02-06 18:02:369 INFO  RegisterPage :94 - Verify First Name Required[[ChromeDriver: chrome on WINDOWS (c5ecb1379cddc789e57a4e03b9ba037e)] -> id: FirstName-error]
2023-02-06 18:02:554 INFO  RegisterPage :98 - Verify Last Name Required[[ChromeDriver: chrome on WINDOWS (c5ecb1379cddc789e57a4e03b9ba037e)] -> id: LastName-error]
2023-02-06 18:02:625 INFO  RegisterPage :102 - Verify email is Required[[ChromeDriver: chrome on WINDOWS (c5ecb1379cddc789e57a4e03b9ba037e)] -> id: Email-error]
2023-02-06 18:02:682 INFO  RegisterPage :106 - Verify Password Required [[ChromeDriver: chrome on WINDOWS (c5ecb1379cddc789e57a4e03b9ba037e)] -> id: Password-error]
2023-02-06 18:02:756 INFO  RegisterPage :110 - Verify Confirm Password[[ChromeDriver: chrome on WINDOWS (c5ecb1379cddc789e57a4e03b9ba037e)] -> id: ConfirmPassword-error]
2023-02-06 18:02:423 INFO  HomePage :83 - Click on Register Link[[ChromeDriver: chrome on WINDOWS (3f84c811f80d1c781457c36d73d1ab9a)] -> xpath: //a[contains(text(),'Register')]]
2023-02-06 18:02:522 INFO  RegisterPage :61 - Click on Female option[[ChromeDriver: chrome on WINDOWS (3f84c811f80d1c781457c36d73d1ab9a)] -> xpath: //div[@class='form-fields']/div/div/span[2]]
2023-02-06 18:02:628 INFO  RegisterPage :90 - Click on Register Button[[ChromeDriver: chrome on WINDOWS (3f84c811f80d1c781457c36d73d1ab9a)] -> xpath: //button[@id='register-button']]
2023-02-06 18:02:520 INFO  RegisterPage :114 - Verify Registration Complete TextProxy element for: DefaultElementLocator 'By.xpath: //div[@class='result']'
2023-02-06 18:02:963 INFO  HomePage :83 - Click on Register Link[[ChromeDriver: chrome on WINDOWS (12199116fd7ea4fd1803084400ca4a70)] -> xpath: //a[contains(text(),'Register')]]
2023-02-06 18:02:993 INFO  RegisterPage :57 - Register Text Verify[[ChromeDriver: chrome on WINDOWS (12199116fd7ea4fd1803084400ca4a70)] -> xpath: //div[@class='page-title']/h1]
2023-02-06 18:02:531 INFO  HomePage :50 - Click on Computerstab[[ChromeDriver: chrome on WINDOWS (d8323cb015271021b6c583299b346eb2)] -> xpath: //ul[@class='top-menu notmobile']/li[1]]
2023-02-06 18:02:149 INFO  ComputerPage :31 - Click on DeskTops Link[[ChromeDriver: chrome on WINDOWS (d8323cb015271021b6c583299b346eb2)] -> xpath: //div[@class='item-grid']/div[1]]
2023-02-06 18:02:316 INFO  BuildYourOwnComputerPage :37 - Click on LinkProxy element for: DefaultElementLocator 'By.xpath: //div[@class='item-grid']/div[1]/div/div[2]/h2/a'
2023-02-06 18:02:255 INFO  BuildYourOwnComputerPage :50 - Click on Radio Button HDD[[ChromeDriver: chrome on WINDOWS (d8323cb015271021b6c583299b346eb2)] -> xpath: //input[@id='product_attribute_3_6']]
2023-02-06 18:02:402 INFO  BuildYourOwnComputerPage :54 - Click on Radio Button OS[[ChromeDriver: chrome on WINDOWS (d8323cb015271021b6c583299b346eb2)] -> xpath: //input[@id='product_attribute_4_8']]
2023-02-06 18:02:597 INFO  BuildYourOwnComputerPage :58 - Click on Software Checkbox[[ChromeDriver: chrome on WINDOWS (d8323cb015271021b6c583299b346eb2)] -> xpath: //input[@id='product_attribute_5_10']]
2023-02-06 18:02:730 INFO  BuildYourOwnComputerPage :62 - Click on Add to Cart Button [[ChromeDriver: chrome on WINDOWS (d8323cb015271021b6c583299b346eb2)] -> xpath: //button[@id='add-to-cart-button-1']]
2023-02-06 18:02:965 INFO  BuildYourOwnComputerPage :65 - Product Added Text[[ChromeDriver: chrome on WINDOWS (d8323cb015271021b6c583299b346eb2)] -> xpath: //div[@class='bar-notification success']/p]
2023-02-06 18:02:307 INFO  HomePage :50 - Click on Computerstab[[ChromeDriver: chrome on WINDOWS (f29ded134af69ab1c5c287a9f94475ef)] -> xpath: //ul[@class='top-menu notmobile']/li[1]]
2023-02-06 18:02:35 INFO  ComputerPage :31 - Click on DeskTops Link[[ChromeDriver: chrome on WINDOWS (f29ded134af69ab1c5c287a9f94475ef)] -> xpath: //div[@class='item-grid']/div[1]]
2023-02-06 18:02:342 INFO  BuildYourOwnComputerPage :37 - Click on LinkProxy element for: DefaultElementLocator 'By.xpath: //div[@class='item-grid']/div[1]/div/div[2]/h2/a'
2023-02-06 18:02:742 INFO  BuildYourOwnComputerPage :50 - Click on Radio Button HDD[[ChromeDriver: chrome on WINDOWS (f29ded134af69ab1c5c287a9f94475ef)] -> xpath: //input[@id='product_attribute_3_6']]
2023-02-06 18:02:895 INFO  BuildYourOwnComputerPage :54 - Click on Radio Button OS[[ChromeDriver: chrome on WINDOWS (f29ded134af69ab1c5c287a9f94475ef)] -> xpath: //input[@id='product_attribute_4_8']]
2023-02-06 18:02:28 INFO  BuildYourOwnComputerPage :58 - Click on Software Checkbox[[ChromeDriver: chrome on WINDOWS (f29ded134af69ab1c5c287a9f94475ef)] -> xpath: //input[@id='product_attribute_5_10']]
2023-02-06 18:02:148 INFO  BuildYourOwnComputerPage :62 - Click on Add to Cart Button [[ChromeDriver: chrome on WINDOWS (f29ded134af69ab1c5c287a9f94475ef)] -> xpath: //button[@id='add-to-cart-button-1']]
2023-02-06 18:02:466 INFO  BuildYourOwnComputerPage :65 - Product Added Text[[ChromeDriver: chrome on WINDOWS (f29ded134af69ab1c5c287a9f94475ef)] -> xpath: //div[@class='bar-notification success']/p]
2023-02-06 18:02:319 INFO  HomePage :50 - Click on Computerstab[[ChromeDriver: chrome on WINDOWS (c817eea3f1cd515e83eefac29c9cfa63)] -> xpath: //ul[@class='top-menu notmobile']/li[1]]
2023-02-06 18:02:550 INFO  ComputerPage :31 - Click on DeskTops Link[[ChromeDriver: chrome on WINDOWS (c817eea3f1cd515e83eefac29c9cfa63)] -> xpath: //div[@class='item-grid']/div[1]]
2023-02-06 18:02:829 INFO  BuildYourOwnComputerPage :37 - Click on LinkProxy element for: DefaultElementLocator 'By.xpath: //div[@class='item-grid']/div[1]/div/div[2]/h2/a'
2023-02-06 18:02:270 INFO  BuildYourOwnComputerPage :50 - Click on Radio Button HDD[[ChromeDriver: chrome on WINDOWS (c817eea3f1cd515e83eefac29c9cfa63)] -> xpath: //input[@id='product_attribute_3_6']]
2023-02-06 18:02:383 INFO  BuildYourOwnComputerPage :54 - Click on Radio Button OS[[ChromeDriver: chrome on WINDOWS (c817eea3f1cd515e83eefac29c9cfa63)] -> xpath: //input[@id='product_attribute_4_8']]
2023-02-06 18:02:513 INFO  BuildYourOwnComputerPage :58 - Click on Software Checkbox[[ChromeDriver: chrome on WINDOWS (c817eea3f1cd515e83eefac29c9cfa63)] -> xpath: //input[@id='product_attribute_5_10']]
2023-02-06 18:02:644 INFO  BuildYourOwnComputerPage :62 - Click on Add to Cart Button [[ChromeDriver: chrome on WINDOWS (c817eea3f1cd515e83eefac29c9cfa63)] -> xpath: //button[@id='add-to-cart-button-1']]
2023-02-06 18:02:871 INFO  BuildYourOwnComputerPage :65 - Product Added Text[[ChromeDriver: chrome on WINDOWS (c817eea3f1cd515e83eefac29c9cfa63)] -> xpath: //div[@class='bar-notification success']/p]
2023-02-06 18:02:571 INFO  HomePage :50 - Click on Computerstab[[ChromeDriver: chrome on WINDOWS (4122a77264e1c6d9079431940132e128)] -> xpath: //ul[@class='top-menu notmobile']/li[1]]
2023-02-06 18:02:236 INFO  ComputerPage :31 - Click on DeskTops Link[[ChromeDriver: chrome on WINDOWS (4122a77264e1c6d9079431940132e128)] -> xpath: //div[@class='item-grid']/div[1]]
2023-02-06 18:02:998 INFO  HomePage :50 - Click on Computerstab[[ChromeDriver: chrome on WINDOWS (0b1afc82fcdee037d0fbba81e790e9c0)] -> xpath: //ul[@class='top-menu notmobile']/li[1]]
2023-02-06 19:02:776 INFO  HomePage :83 - Click on Register Link[[ChromeDriver: chrome on WINDOWS (0601a46734ccf5565c92956f49555750)] -> xpath: //a[contains(text(),'Register')]]
2023-02-06 19:02:221 INFO  RegisterPage :90 - Click on Register Button[[ChromeDriver: chrome on WINDOWS (0601a46734ccf5565c92956f49555750)] -> xpath: //button[@id='register-button']]
2023-02-06 19:02:411 INFO  HomePage :79 - Click on LoginLink[[ChromeDriver: chrome on WINDOWS (0601a46734ccf5565c92956f49555750)] -> link text: Log in]
2023-02-06 19:02:944 INFO  HomePage :94 - Click on Logout LinkProxy element for: DefaultElementLocator 'By.xpath: //a[contains(text(),'Log out')]'
2023-02-06 19:02:962 INFO  HomePage :97 - Verify LogIn Link[[ChromeDriver: chrome on WINDOWS (0601a46734ccf5565c92956f49555750)] -> link text: Log in]
2023-02-06 19:02:962 INFO  HomePage :79 - Click on LoginLink[[ChromeDriver: chrome on WINDOWS (e09ed0b52d2ff3dd4e7f70341699196d)] -> link text: Log in]
2023-02-06 19:02:09 INFO  LoginPage :42 - getting text from : [[ChromeDriver: chrome on WINDOWS (e09ed0b52d2ff3dd4e7f70341699196d)] -> xpath: //h1[contains(text(),'Welcome, Please Sign In!')]]
2023-02-06 19:02:855 INFO  HomePage :79 - Click on LoginLink[[ChromeDriver: chrome on WINDOWS (84743b8a51c996ad5e512e713872f94d)] -> link text: Log in]
2023-02-06 19:02:110 INFO  HomePage :83 - Click on Register Link[[ChromeDriver: chrome on WINDOWS (8f796f1765820c559edd239bb1189eaa)] -> xpath: //a[contains(text(),'Register')]]
2023-02-06 19:02:417 INFO  RegisterPage :90 - Click on Register Button[[ChromeDriver: chrome on WINDOWS (8f796f1765820c559edd239bb1189eaa)] -> xpath: //button[@id='register-button']]
2023-02-06 19:02:902 INFO  HomePage :79 - Click on LoginLink[[ChromeDriver: chrome on WINDOWS (8f796f1765820c559edd239bb1189eaa)] -> link text: Log in]
2023-02-06 19:02:06 INFO  HomePage :101 - Verify LogOut Link[[ChromeDriver: chrome on WINDOWS (8f796f1765820c559edd239bb1189eaa)] -> xpath: //a[contains(text(),'Log out')]]
2023-02-06 19:02:613 INFO  HomePage :83 - Click on Register Link[[ChromeDriver: chrome on WINDOWS (73872bac1cee9e4bcf0935ac7055a152)] -> xpath: //a[contains(text(),'Register')]]
2023-02-06 19:02:721 INFO  RegisterPage :90 - Click on Register Button[[ChromeDriver: chrome on WINDOWS (73872bac1cee9e4bcf0935ac7055a152)] -> xpath: //button[@id='register-button']]
2023-02-06 19:02:211 INFO  RegisterPage :94 - Verify First Name Required[[ChromeDriver: chrome on WINDOWS (73872bac1cee9e4bcf0935ac7055a152)] -> id: FirstName-error]
2023-02-06 19:02:606 INFO  RegisterPage :98 - Verify Last Name Required[[ChromeDriver: chrome on WINDOWS (73872bac1cee9e4bcf0935ac7055a152)] -> id: LastName-error]
2023-02-06 19:02:877 INFO  RegisterPage :102 - Verify email is Required[[ChromeDriver: chrome on WINDOWS (73872bac1cee9e4bcf0935ac7055a152)] -> id: Email-error]
2023-02-06 19:02:04 INFO  RegisterPage :106 - Verify Password Required [[ChromeDriver: chrome on WINDOWS (73872bac1cee9e4bcf0935ac7055a152)] -> id: Password-error]
2023-02-06 19:02:172 INFO  RegisterPage :110 - Verify Confirm Password[[ChromeDriver: chrome on WINDOWS (73872bac1cee9e4bcf0935ac7055a152)] -> id: ConfirmPassword-error]
2023-02-06 19:02:833 INFO  HomePage :83 - Click on Register Link[[ChromeDriver: chrome on WINDOWS (311f2fa9c0b5ab5f30d23ad46525a348)] -> xpath: //a[contains(text(),'Register')]]
2023-02-06 19:02:877 INFO  RegisterPage :61 - Click on Female option[[ChromeDriver: chrome on WINDOWS (311f2fa9c0b5ab5f30d23ad46525a348)] -> xpath: //div[@class='form-fields']/div/div/span[2]]
2023-02-06 19:02:277 INFO  RegisterPage :90 - Click on Register Button[[ChromeDriver: chrome on WINDOWS (311f2fa9c0b5ab5f30d23ad46525a348)] -> xpath: //button[@id='register-button']]
2023-02-06 19:02:720 INFO  RegisterPage :114 - Verify Registration Complete TextProxy element for: DefaultElementLocator 'By.xpath: //div[@class='result']'
2023-02-10 17:02:717 INFO  ComputerPage :31 - Click on DeskTops Link[[ChromeDriver: chrome on WINDOWS (4338d0f2e8a87fc4dceec4d5747cd3d4)] -> xpath: //div[@class='item-grid']/div[1]]
2023-02-10 17:02:322 INFO  ComputerPage :31 - Click on DeskTops Link[[ChromeDriver: chrome on WINDOWS (8c7556bb5ddcf0fb909e5058edd220ac)] -> xpath: //div[@class='item-grid']/div[1]]
2023-02-10 17:02:260 INFO  ComputerPage :31 - Click on DeskTops Link[[ChromeDriver: chrome on WINDOWS (3842598c36f12265797466a65c5b1e06)] -> xpath: //div[@class='item-grid']/div[1]]
2023-02-10 17:02:93 INFO  ComputerPage :31 - Click on DeskTops Link[[ChromeDriver: chrome on WINDOWS (894c8eb64480b680dd4e5153bd8bf9bd)] -> xpath: //div[@class='item-grid']/div[1]]
